INFO:root:languages-folder contains an illegal char. It is being reverted to default name
INFO:root:DEBUG mode is on
DEBUG:urllib3.connectionpool:Starting new HTTPS connection (1): raw.githubusercontent.com:443
DEBUG:urllib3.connectionpool:https://raw.githubusercontent.com:443 "GET /JeffAxe123/miniProjects/v2//languages/launcher/en.lang HTTP/1.1" 301 89
DEBUG:urllib3.connectionpool:https://raw.githubusercontent.com:443 "GET /JeffAxe123/miniProjects/v2/languages/launcher/en.lang HTTP/1.1" 404 14
ERROR:root:[WinError 3] The system cannot find the path specified: '/assets/languages/games'
Traceback (most recent call last):
  File "C:\Users\18lew\jar_launchers\Java miniProjects\launcher.pyw", line 125, in <module>
    with open(config["languages-folder"] + "/launcher/" + options["lang"] + ".lang") as lang:
FileNotFoundError: [Errno 2] No such file or directory: 'assets/languages/launcher/en.lang'

During handling of the above exception, another exception occurred:

Traceback (most recent call last):
  File "C:\Users\18lew\jar_launchers\Java miniProjects\launcher.pyw", line 133, in <module>
    os.mkdir("/"+config["languages-folder"] + "/games")
FileNotFoundError: [WinError 3] The system cannot find the path specified: '/assets/languages/games'
INFO:root:Process exited with code 1
